The system is: Linux - 4.16.7-1-ARCH - x86_64
Compiling the C compiler identification source file "CMakeCCompilerId.c" succeeded.
Compiler: /usr/bin/cc 
Build flags: -lssl;-lcrypto
Id flags:  

The output was:
0


Compilation of the C compiler identification source "CMakeCCompilerId.c" produced "a.out"

The C compiler identification is GNU, found in "/home/gusy/apuntes/HPC/rghasher/build/CMakeFiles/3.11.1/CompilerIdC/a.out"

Determining if the C compiler works passed with the following output:
Change Dir: /home/gusy/apuntes/HPC/rghasher/build/CMakeFiles/CMakeTmp

Run Build Command:"/usr/bin/make" "cmTC_50019/fast"
/usr/bin/make -f CMakeFiles/cmTC_50019.dir/build.make CMakeFiles/cmTC_50019.dir/build
make[1]: Entering directory '/home/gusy/apuntes/HPC/rghasher/build/CMakeFiles/CMakeTmp'
Building C object CMakeFiles/cmTC_50019.dir/testCCompiler.c.o
/usr/bin/cc   -lssl -lcrypto    -o CMakeFiles/cmTC_50019.dir/testCCompiler.c.o   -c /home/gusy/apuntes/HPC/rghasher/build/CMakeFiles/CMakeTmp/testCCompiler.c
Linking C executable cmTC_50019
/usr/bin/cmake -E cmake_link_script CMakeFiles/cmTC_50019.dir/link.txt --verbose=1
/usr/bin/cc -lssl -lcrypto     -rdynamic CMakeFiles/cmTC_50019.dir/testCCompiler.c.o  -o cmTC_50019 
make[1]: Leaving directory '/home/gusy/apuntes/HPC/rghasher/build/CMakeFiles/CMakeTmp'


Detecting C compiler ABI info compiled with the following output:
Change Dir: /home/gusy/apuntes/HPC/rghasher/build/CMakeFiles/CMakeTmp

Run Build Command:"/usr/bin/make" "cmTC_ba945/fast"
/usr/bin/make -f CMakeFiles/cmTC_ba945.dir/build.make CMakeFiles/cmTC_ba945.dir/build
make[1]: Entering directory '/home/gusy/apuntes/HPC/rghasher/build/CMakeFiles/CMakeTmp'
Building C object CMakeFiles/cmTC_ba945.dir/CMakeCCompilerABI.c.o
/usr/bin/cc   -lssl -lcrypto    -o CMakeFiles/cmTC_ba945.dir/CMakeCCompilerABI.c.o   -c /usr/share/cmake-3.11/Modules/CMakeCCompilerABI.c
Linking C executable cmTC_ba945
/usr/bin/cmake -E cmake_link_script CMakeFiles/cmTC_ba945.dir/link.txt --verbose=1
/usr/bin/cc -lssl -lcrypto    -v -rdynamic CMakeFiles/cmTC_ba945.dir/CMakeCCompilerABI.c.o  -o cmTC_ba945 
Using built-in specs.
COLLECT_GCC=/usr/bin/cc
COLLECT_LTO_WRAPPER=/usr/lib/gcc/x86_64-pc-linux-gnu/8.1.0/lto-wrapper
Target: x86_64-pc-linux-gnu
Configured with: /build/gcc/src/gcc/configure --prefix=/usr --libdir=/usr/lib --libexecdir=/usr/lib --mandir=/usr/share/man --infodir=/usr/share/info --with-bugurl=https://bugs.archlinux.org/ --enable-languages=c,c++,ada,fortran,go,lto,objc,obj-c++ --enable-shared --enable-threads=posix --enable-libmpx --with-system-zlib --with-isl --enable-__cxa_atexit --disable-libunwind-exceptions --enable-clocale=gnu --disable-libstdcxx-pch --disable-libssp --enable-gnu-unique-object --enable-linker-build-id --enable-lto --enable-plugin --enable-install-libiberty --with-linker-hash-style=gnu --enable-gnu-indirect-function --enable-multilib --disable-werror --enable-checking=release --enable-default-pie --enable-default-ssp
Thread model: posix
gcc version 8.1.0 (GCC) 
COMPILER_PATH=/usr/lib/gcc/x86_64-pc-linux-gnu/8.1.0/:/usr/lib/gcc/x86_64-pc-linux-gnu/8.1.0/:/usr/lib/gcc/x86_64-pc-linux-gnu/:/usr/lib/gcc/x86_64-pc-linux-gnu/8.1.0/:/usr/lib/gcc/x86_64-pc-linux-gnu/
LIBRARY_PATH=/usr/lib/gcc/x86_64-pc-linux-gnu/8.1.0/:/usr/lib/gcc/x86_64-pc-linux-gnu/8.1.0/../../../../lib/:/lib/../lib/:/usr/lib/../lib/:/usr/lib/gcc/x86_64-pc-linux-gnu/8.1.0/../../../:/lib/:/usr/lib/
COLLECT_GCC_OPTIONS='-v' '-rdynamic' '-o' 'cmTC_ba945' '-mtune=generic' '-march=x86-64'
 /usr/lib/gcc/x86_64-pc-linux-gnu/8.1.0/collect2 -plugin /usr/lib/gcc/x86_64-pc-linux-gnu/8.1.0/liblto_plugin.so -plugin-opt=/usr/lib/gcc/x86_64-pc-linux-gnu/8.1.0/lto-wrapper -plugin-opt=-fresolution=/tmp/ccICnNZB.res -plugin-opt=-pass-through=-lgcc -plugin-opt=-pass-through=-lgcc_s -plugin-opt=-pass-through=-lc -plugin-opt=-pass-through=-lgcc -plugin-opt=-pass-through=-lgcc_s --build-id --eh-frame-hdr --hash-style=gnu -m elf_x86_64 -export-dynamic -dynamic-linker /lib64/ld-linux-x86-64.so.2 -pie -o cmTC_ba945 /usr/lib/gcc/x86_64-pc-linux-gnu/8.1.0/../../../../lib/Scrt1.o /usr/lib/gcc/x86_64-pc-linux-gnu/8.1.0/../../../../lib/crti.o /usr/lib/gcc/x86_64-pc-linux-gnu/8.1.0/crtbeginS.o -L/usr/lib/gcc/x86_64-pc-linux-gnu/8.1.0 -L/usr/lib/gcc/x86_64-pc-linux-gnu/8.1.0/../../../../lib -L/lib/../lib -L/usr/lib/../lib -L/usr/lib/gcc/x86_64-pc-linux-gnu/8.1.0/../../.. -lssl -lcrypto CMakeFiles/cmTC_ba945.dir/CMakeCCompilerABI.c.o -lgcc --as-needed -lgcc_s --no-as-needed -lc -lgcc --as-needed -lgcc_s --no-as-needed /usr/lib/gcc/x86_64-pc-linux-gnu/8.1.0/crtendS.o /usr/lib/gcc/x86_64-pc-linux-gnu/8.1.0/../../../../lib/crtn.o
COLLECT_GCC_OPTIONS='-v' '-rdynamic' '-o' 'cmTC_ba945' '-mtune=generic' '-march=x86-64'
make[1]: Leaving directory '/home/gusy/apuntes/HPC/rghasher/build/CMakeFiles/CMakeTmp'


Parsed C implicit link information from above output:
  link line regex: [^( *|.*[/\])(ld|CMAKE_LINK_STARTFILE-NOTFOUND|([^/\]+-)?ld|collect2)[^/\]*( |$)]
  ignore line: [Change Dir: /home/gusy/apuntes/HPC/rghasher/build/CMakeFiles/CMakeTmp]
  ignore line: []
  ignore line: [Run Build Command:"/usr/bin/make" "cmTC_ba945/fast"]
  ignore line: [/usr/bin/make -f CMakeFiles/cmTC_ba945.dir/build.make CMakeFiles/cmTC_ba945.dir/build]
  ignore line: [make[1]: Entering directory '/home/gusy/apuntes/HPC/rghasher/build/CMakeFiles/CMakeTmp']
  ignore line: [Building C object CMakeFiles/cmTC_ba945.dir/CMakeCCompilerABI.c.o]
  ignore line: [/usr/bin/cc   -lssl -lcrypto    -o CMakeFiles/cmTC_ba945.dir/CMakeCCompilerABI.c.o   -c /usr/share/cmake-3.11/Modules/CMakeCCompilerABI.c]
  ignore line: [Linking C executable cmTC_ba945]
  ignore line: [/usr/bin/cmake -E cmake_link_script CMakeFiles/cmTC_ba945.dir/link.txt --verbose=1]
  ignore line: [/usr/bin/cc -lssl -lcrypto    -v -rdynamic CMakeFiles/cmTC_ba945.dir/CMakeCCompilerABI.c.o  -o cmTC_ba945 ]
  ignore line: [Using built-in specs.]
  ignore line: [COLLECT_GCC=/usr/bin/cc]
  ignore line: [COLLECT_LTO_WRAPPER=/usr/lib/gcc/x86_64-pc-linux-gnu/8.1.0/lto-wrapper]
  ignore line: [Target: x86_64-pc-linux-gnu]
  ignore line: [Configured with: /build/gcc/src/gcc/configure --prefix=/usr --libdir=/usr/lib --libexecdir=/usr/lib --mandir=/usr/share/man --infodir=/usr/share/info --with-bugurl=https://bugs.archlinux.org/ --enable-languages=c,c++,ada,fortran,go,lto,objc,obj-c++ --enable-shared --enable-threads=posix --enable-libmpx --with-system-zlib --with-isl --enable-__cxa_atexit --disable-libunwind-exceptions --enable-clocale=gnu --disable-libstdcxx-pch --disable-libssp --enable-gnu-unique-object --enable-linker-build-id --enable-lto --enable-plugin --enable-install-libiberty --with-linker-hash-style=gnu --enable-gnu-indirect-function --enable-multilib --disable-werror --enable-checking=release --enable-default-pie --enable-default-ssp]
  ignore line: [Thread model: posix]
  ignore line: [gcc version 8.1.0 (GCC) ]
  ignore line: [COMPILER_PATH=/usr/lib/gcc/x86_64-pc-linux-gnu/8.1.0/:/usr/lib/gcc/x86_64-pc-linux-gnu/8.1.0/:/usr/lib/gcc/x86_64-pc-linux-gnu/:/usr/lib/gcc/x86_64-pc-linux-gnu/8.1.0/:/usr/lib/gcc/x86_64-pc-linux-gnu/]
  ignore line: [LIBRARY_PATH=/usr/lib/gcc/x86_64-pc-linux-gnu/8.1.0/:/usr/lib/gcc/x86_64-pc-linux-gnu/8.1.0/../../../../lib/:/lib/../lib/:/usr/lib/../lib/:/usr/lib/gcc/x86_64-pc-linux-gnu/8.1.0/../../../:/lib/:/usr/lib/]
  ignore line: [COLLECT_GCC_OPTIONS='-v' '-rdynamic' '-o' 'cmTC_ba945' '-mtune=generic' '-march=x86-64']
  link line: [ /usr/lib/gcc/x86_64-pc-linux-gnu/8.1.0/collect2 -plugin /usr/lib/gcc/x86_64-pc-linux-gnu/8.1.0/liblto_plugin.so -plugin-opt=/usr/lib/gcc/x86_64-pc-linux-gnu/8.1.0/lto-wrapper -plugin-opt=-fresolution=/tmp/ccICnNZB.res -plugin-opt=-pass-through=-lgcc -plugin-opt=-pass-through=-lgcc_s -plugin-opt=-pass-through=-lc -plugin-opt=-pass-through=-lgcc -plugin-opt=-pass-through=-lgcc_s --build-id --eh-frame-hdr --hash-style=gnu -m elf_x86_64 -export-dynamic -dynamic-linker /lib64/ld-linux-x86-64.so.2 -pie -o cmTC_ba945 /usr/lib/gcc/x86_64-pc-linux-gnu/8.1.0/../../../../lib/Scrt1.o /usr/lib/gcc/x86_64-pc-linux-gnu/8.1.0/../../../../lib/crti.o /usr/lib/gcc/x86_64-pc-linux-gnu/8.1.0/crtbeginS.o -L/usr/lib/gcc/x86_64-pc-linux-gnu/8.1.0 -L/usr/lib/gcc/x86_64-pc-linux-gnu/8.1.0/../../../../lib -L/lib/../lib -L/usr/lib/../lib -L/usr/lib/gcc/x86_64-pc-linux-gnu/8.1.0/../../.. -lssl -lcrypto CMakeFiles/cmTC_ba945.dir/CMakeCCompilerABI.c.o -lgcc --as-needed -lgcc_s --no-as-needed -lc -lgcc --as-needed -lgcc_s --no-as-needed /usr/lib/gcc/x86_64-pc-linux-gnu/8.1.0/crtendS.o /usr/lib/gcc/x86_64-pc-linux-gnu/8.1.0/../../../../lib/crtn.o]
    arg [/usr/lib/gcc/x86_64-pc-linux-gnu/8.1.0/collect2] ==> ignore
    arg [-plugin] ==> ignore
    arg [/usr/lib/gcc/x86_64-pc-linux-gnu/8.1.0/liblto_plugin.so] ==> ignore
    arg [-plugin-opt=/usr/lib/gcc/x86_64-pc-linux-gnu/8.1.0/lto-wrapper] ==> ignore
    arg [-plugin-opt=-fresolution=/tmp/ccICnNZB.res] ==> ignore
    arg [-plugin-opt=-pass-through=-lgcc] ==> ignore
    arg [-plugin-opt=-pass-through=-lgcc_s] ==> ignore
    arg [-plugin-opt=-pass-through=-lc] ==> ignore
    arg [-plugin-opt=-pass-through=-lgcc] ==> ignore
    arg [-plugin-opt=-pass-through=-lgcc_s] ==> ignore
    arg [--build-id] ==> ignore
    arg [--eh-frame-hdr] ==> ignore
    arg [--hash-style=gnu] ==> ignore
    arg [-m] ==> ignore
    arg [elf_x86_64] ==> ignore
    arg [-export-dynamic] ==> ignore
    arg [-dynamic-linker] ==> ignore
    arg [/lib64/ld-linux-x86-64.so.2] ==> ignore
    arg [-pie] ==> ignore
    arg [-o] ==> ignore
    arg [cmTC_ba945] ==> ignore
    arg [/usr/lib/gcc/x86_64-pc-linux-gnu/8.1.0/../../../../lib/Scrt1.o] ==> ignore
    arg [/usr/lib/gcc/x86_64-pc-linux-gnu/8.1.0/../../../../lib/crti.o] ==> ignore
    arg [/usr/lib/gcc/x86_64-pc-linux-gnu/8.1.0/crtbeginS.o] ==> ignore
    arg [-L/usr/lib/gcc/x86_64-pc-linux-gnu/8.1.0] ==> dir [/usr/lib/gcc/x86_64-pc-linux-gnu/8.1.0]
    arg [-L/usr/lib/gcc/x86_64-pc-linux-gnu/8.1.0/../../../../lib] ==> dir [/usr/lib/gcc/x86_64-pc-linux-gnu/8.1.0/../../../../lib]
    arg [-L/lib/../lib] ==> dir [/lib/../lib]
    arg [-L/usr/lib/../lib] ==> dir [/usr/lib/../lib]
    arg [-L/usr/lib/gcc/x86_64-pc-linux-gnu/8.1.0/../../..] ==> dir [/usr/lib/gcc/x86_64-pc-linux-gnu/8.1.0/../../..]
    arg [-lssl] ==> lib [ssl]
    arg [-lcrypto] ==> lib [crypto]
    arg [CMakeFiles/cmTC_ba945.dir/CMakeCCompilerABI.c.o] ==> ignore
    arg [-lgcc] ==> lib [gcc]
    arg [--as-needed] ==> ignore
    arg [-lgcc_s] ==> lib [gcc_s]
    arg [--no-as-needed] ==> ignore
    arg [-lc] ==> lib [c]
    arg [-lgcc] ==> lib [gcc]
    arg [--as-needed] ==> ignore
    arg [-lgcc_s] ==> lib [gcc_s]
    arg [--no-as-needed] ==> ignore
    arg [/usr/lib/gcc/x86_64-pc-linux-gnu/8.1.0/crtendS.o] ==> ignore
    arg [/usr/lib/gcc/x86_64-pc-linux-gnu/8.1.0/../../../../lib/crtn.o] ==> ignore
  collapse library dir [/usr/lib/gcc/x86_64-pc-linux-gnu/8.1.0] ==> [/usr/lib/gcc/x86_64-pc-linux-gnu/8.1.0]
  collapse library dir [/usr/lib/gcc/x86_64-pc-linux-gnu/8.1.0/../../../../lib] ==> [/usr/lib]
  collapse library dir [/lib/../lib] ==> [/lib]
  collapse library dir [/usr/lib/../lib] ==> [/usr/lib]
  collapse library dir [/usr/lib/gcc/x86_64-pc-linux-gnu/8.1.0/../../..] ==> [/usr/lib]
  implicit libs: [ssl;crypto;gcc;gcc_s;c;gcc;gcc_s]
  implicit dirs: [/usr/lib/gcc/x86_64-pc-linux-gnu/8.1.0;/usr/lib;/lib]
  implicit fwks: []




Detecting C [-std=c11] compiler features compiled with the following output:
Change Dir: /home/gusy/apuntes/HPC/rghasher/build/CMakeFiles/CMakeTmp

Run Build Command:"/usr/bin/make" "cmTC_4d9a1/fast"
/usr/bin/make -f CMakeFiles/cmTC_4d9a1.dir/build.make CMakeFiles/cmTC_4d9a1.dir/build
make[1]: Entering directory '/home/gusy/apuntes/HPC/rghasher/build/CMakeFiles/CMakeTmp'
Building C object CMakeFiles/cmTC_4d9a1.dir/feature_tests.c.o
/usr/bin/cc   -lssl -lcrypto    -std=c11 -o CMakeFiles/cmTC_4d9a1.dir/feature_tests.c.o   -c /home/gusy/apuntes/HPC/rghasher/build/CMakeFiles/feature_tests.c
Linking C executable cmTC_4d9a1
/usr/bin/cmake -E cmake_link_script CMakeFiles/cmTC_4d9a1.dir/link.txt --verbose=1
/usr/bin/cc -lssl -lcrypto     -rdynamic CMakeFiles/cmTC_4d9a1.dir/feature_tests.c.o  -o cmTC_4d9a1 
make[1]: Leaving directory '/home/gusy/apuntes/HPC/rghasher/build/CMakeFiles/CMakeTmp'


    Feature record: C_FEATURE:1c_function_prototypes
    Feature record: C_FEATURE:1c_restrict
    Feature record: C_FEATURE:1c_static_assert
    Feature record: C_FEATURE:1c_variadic_macros


Detecting C [-std=c99] compiler features compiled with the following output:
Change Dir: /home/gusy/apuntes/HPC/rghasher/build/CMakeFiles/CMakeTmp

Run Build Command:"/usr/bin/make" "cmTC_ad1ea/fast"
/usr/bin/make -f CMakeFiles/cmTC_ad1ea.dir/build.make CMakeFiles/cmTC_ad1ea.dir/build
make[1]: Entering directory '/home/gusy/apuntes/HPC/rghasher/build/CMakeFiles/CMakeTmp'
Building C object CMakeFiles/cmTC_ad1ea.dir/feature_tests.c.o
/usr/bin/cc   -lssl -lcrypto    -std=c99 -o CMakeFiles/cmTC_ad1ea.dir/feature_tests.c.o   -c /home/gusy/apuntes/HPC/rghasher/build/CMakeFiles/feature_tests.c
Linking C executable cmTC_ad1ea
/usr/bin/cmake -E cmake_link_script CMakeFiles/cmTC_ad1ea.dir/link.txt --verbose=1
/usr/bin/cc -lssl -lcrypto     -rdynamic CMakeFiles/cmTC_ad1ea.dir/feature_tests.c.o  -o cmTC_ad1ea 
make[1]: Leaving directory '/home/gusy/apuntes/HPC/rghasher/build/CMakeFiles/CMakeTmp'


    Feature record: C_FEATURE:1c_function_prototypes
    Feature record: C_FEATURE:1c_restrict
    Feature record: C_FEATURE:0c_static_assert
    Feature record: C_FEATURE:1c_variadic_macros


Detecting C [-std=c90] compiler features compiled with the following output:
Change Dir: /home/gusy/apuntes/HPC/rghasher/build/CMakeFiles/CMakeTmp

Run Build Command:"/usr/bin/make" "cmTC_f495a/fast"
/usr/bin/make -f CMakeFiles/cmTC_f495a.dir/build.make CMakeFiles/cmTC_f495a.dir/build
make[1]: Entering directory '/home/gusy/apuntes/HPC/rghasher/build/CMakeFiles/CMakeTmp'
Building C object CMakeFiles/cmTC_f495a.dir/feature_tests.c.o
/usr/bin/cc   -lssl -lcrypto    -std=c90 -o CMakeFiles/cmTC_f495a.dir/feature_tests.c.o   -c /home/gusy/apuntes/HPC/rghasher/build/CMakeFiles/feature_tests.c
Linking C executable cmTC_f495a
/usr/bin/cmake -E cmake_link_script CMakeFiles/cmTC_f495a.dir/link.txt --verbose=1
/usr/bin/cc -lssl -lcrypto     -rdynamic CMakeFiles/cmTC_f495a.dir/feature_tests.c.o  -o cmTC_f495a 
make[1]: Leaving directory '/home/gusy/apuntes/HPC/rghasher/build/CMakeFiles/CMakeTmp'


    Feature record: C_FEATURE:1c_function_prototypes
    Feature record: C_FEATURE:0c_restrict
    Feature record: C_FEATURE:0c_static_assert
    Feature record: C_FEATURE:0c_variadic_macros
